2025-08-14 11:53:43 [restartedMain] INFO  c.mghbackend.MghBackendApplication - Starting MghBackendApplication using Java 17.0.12 with PID 5060 (D:\projets\MghBackend\build\classes\java\main started by DELL in D:\projets\MghBackend)
2025-08-14 11:53:43 [restartedMain] INFO  c.mghbackend.MghBackendApplication - No active profile set, falling back to 1 default profile: "default"
2025-08-14 11:53:43 [restartedMain] INFO  o.s.b.d.e.DevToolsPropertyDefaultsPostProcessor - Devtools property defaults active! Set 'spring.devtools.add-properties' to 'false' to disable
2025-08-14 11:53:43 [restartedMain] INFO  o.s.b.d.e.DevToolsPropertyDefaultsPostProcessor - For additional web related logging consider setting the 'logging.level.web' property to 'DEBUG'
2025-08-14 11:53:45 [restartedMain] INFO  o.s.d.r.c.RepositoryConfigurationDelegate - Bootstrapping Spring Data JPA repositories in DEFAULT mode.
2025-08-14 11:53:45 [restartedMain] INFO  o.s.d.r.c.RepositoryConfigurationDelegate - Finished Spring Data repository scanning in 86 ms. Found 4 JPA repository interfaces.
2025-08-14 11:53:46 [restartedMain] INFO  o.s.b.w.e.tomcat.TomcatWebServer - Tomcat initialized with port 8080 (http)
2025-08-14 11:53:46 [restartedMain] INFO  o.a.catalina.core.StandardService - Starting service [Tomcat]
2025-08-14 11:53:46 [restartedMain] INFO  o.a.catalina.core.StandardEngine - Starting Servlet engine: [Apache Tomcat/10.1.31]
2025-08-14 11:53:46 [restartedMain] INFO  o.a.c.c.C.[Tomcat].[localhost].[/] - Initializing Spring embedded WebApplicationContext
2025-08-14 11:53:46 [restartedMain] INFO  o.s.b.w.s.c.ServletWebServerApplicationContext - Root WebApplicationContext: initialization completed in 2846 ms
2025-08-14 11:53:46 [restartedMain] INFO  o.h.jpa.internal.util.LogHelper - HHH000204: Processing PersistenceUnitInfo [name: default]
2025-08-14 11:53:46 [restartedMain] INFO  org.hibernate.Version - HHH000412: Hibernate ORM core version 6.5.3.Final
2025-08-14 11:53:46 [restartedMain] INFO  o.h.c.i.RegionFactoryInitiator - HHH000026: Second-level cache disabled
2025-08-14 11:53:47 [restartedMain] INFO  o.s.o.j.p.SpringPersistenceUnitInfo - No LoadTimeWeaver setup: ignoring JPA class transformer
2025-08-14 11:53:47 [restartedMain] INFO  com.zaxxer.hikari.HikariDataSource - HikariPool-1 - Starting...
2025-08-14 11:53:47 [restartedMain] INFO  com.zaxxer.hikari.pool.HikariPool - HikariPool-1 - Added connection com.mysql.cj.jdbc.ConnectionImpl@41e75dd0
2025-08-14 11:53:47 [restartedMain] INFO  com.zaxxer.hikari.HikariDataSource - HikariPool-1 - Start completed.
2025-08-14 11:53:47 [restartedMain] WARN  org.hibernate.dialect.Dialect - HHH000511: The 5.5.5 version for [org.hibernate.dialect.MySQLDialect] is no longer supported, hence certain features may not work properly. The minimum supported version is 8.0.0. Check the community dialects project for available legacy versions.
2025-08-14 11:53:47 [restartedMain] WARN  org.hibernate.orm.deprecation - HHH90000025: MySQLDialect does not need to be specified explicitly using 'hibernate.dialect' (remove the property setting and it will be selected by default)
2025-08-14 11:53:49 [restartedMain] INFO  o.h.e.t.j.p.i.JtaPlatformInitiator - HHH000489: No JTA platform available (set 'hibernate.transaction.jta.platform' to enable JTA platform integration)
2025-08-14 11:53:49 [restartedMain] DEBUG org.hibernate.SQL - 
    alter table hotels 
       modify column address TEXT
2025-08-14 11:53:49 [restartedMain] INFO  o.s.o.j.LocalContainerEntityManagerFactoryBean - Initialized JPA EntityManagerFactory for persistence unit 'default'
2025-08-14 11:53:50 [restartedMain] INFO  o.s.d.j.r.query.QueryEnhancerFactory - Hibernate is in classpath; If applicable, HQL parser will be used.
2025-08-14 11:53:52 [restartedMain] WARN  o.s.b.a.o.j.JpaBaseConfiguration$JpaWebConfiguration - spring.jpa.open-in-view is enabled by default. Therefore, database queries may be performed during view rendering. Explicitly configure spring.jpa.open-in-view to disable this warning
2025-08-14 11:53:53 [restartedMain] INFO  o.s.b.d.a.OptionalLiveReloadServer - LiveReload server is running on port 35729
2025-08-14 11:53:53 [restartedMain] INFO  o.s.b.w.e.tomcat.TomcatWebServer - Tomcat started on port 8080 (http) with context path '/'
2025-08-14 11:53:53 [restartedMain] INFO  c.mghbackend.MghBackendApplication - Started MghBackendApplication in 10.481 seconds (process running for 17.797)
2025-08-14 11:53:53 [restartedMain] INFO  c.mghbackend.config.DataInitializer - Initialisation des données...
2025-08-14 11:53:53 [restartedMain] DEBUG org.hibernate.SQL - 
    select
        r1_0.id 
    from
        roles r1_0 
    where
        r1_0.name=? 
    limit
        ?
2025-08-14 11:53:53 [restartedMain] DEBUG org.hibernate.SQL - 
    select
        r1_0.id 
    from
        roles r1_0 
    where
        r1_0.name=? 
    limit
        ?
2025-08-14 11:53:53 [restartedMain] DEBUG org.hibernate.SQL - 
    select
        r1_0.id 
    from
        roles r1_0 
    where
        r1_0.name=? 
    limit
        ?
2025-08-14 11:53:53 [restartedMain] DEBUG org.hibernate.SQL - 
    select
        r1_0.id 
    from
        roles r1_0 
    where
        r1_0.name=? 
    limit
        ?
2025-08-14 11:53:53 [restartedMain] DEBUG org.hibernate.SQL - 
    select
        r1_0.id 
    from
        roles r1_0 
    where
        r1_0.name=? 
    limit
        ?
2025-08-14 11:53:53 [restartedMain] INFO  c.mghbackend.config.DataInitializer - Initialisation des données terminée
